2015-06-06 12:49:51.348 adnbp[69164:34616464] Apache Cordova native platform version 3.8.0 is starting.
2015-06-06 12:49:51.351 adnbp[69164:34616464] Multi-tasking -> Device: YES, App: YES
2015-06-06 12:49:51.363 adnbp[69164:34616464] Unlimited access to network resources
2015-06-06 12:49:51.619 adnbp[69164:34616464] [CDVTimer][keyboard] 0.043988ms
2015-06-06 12:49:51.727 adnbp[69164:34616464] [CDVTimer][splashscreen] 108.043969ms
2015-06-06 12:49:51.727 adnbp[69164:34616464] [CDVTimer][TotalPluginStartup] 108.671010ms
2015-06-06 12:49:51.846 adnbp[69164:34616464] Resetting plugins due to page load.
2015-06-06 12:49:52.498 adnbp[69164:34616464] Finished load of: file:///Users/adrianmm/Library/Developer/CoreSimulator/Devices/DE12D5B5-89F0-4589-B88B-B92FFCFF3900/data/Containers/Bundle/Application/E85D681F-3EF1-46BC-89D2-F5BD5B8D5F8C/adnbp.app/www/index.html#/home/login
2015-06-06 12:50:58.584 adnbp[69678:34619386] Apache Cordova native platform version 3.8.0 is starting.
2015-06-06 12:50:58.585 adnbp[69678:34619386] Multi-tasking -> Device: YES, App: YES
2015-06-06 12:50:58.586 adnbp[69678:34619386] Unlimited access to network resources
2015-06-06 12:50:58.645 adnbp[69678:34619386] [CDVTimer][keyboard] 0.040054ms
2015-06-06 12:50:58.667 adnbp[69678:34619386] [CDVTimer][splashscreen] 21.674991ms
2015-06-06 12:50:58.667 adnbp[69678:34619386] [CDVTimer][TotalPluginStartup] 21.981001ms
2015-06-06 12:50:58.712 adnbp[69678:34619386] Resetting plugins due to page load.
2015-06-06 12:50:59.260 adnbp[69678:34619386] Finished load of: file:///Users/adrianmm/Library/Developer/CoreSimulator/Devices/DE12D5B5-89F0-4589-B88B-B92FFCFF3900/data/Containers/Bundle/Application/E03C3FFA-1137-4E30-A07E-64BEB182E90E/adnbp.app/www/index.html#/home/login
2015-06-06 12:51:47.790 adnbp[69970:34624086] Apache Cordova native platform version 3.8.0 is starting.
2015-06-06 12:51:47.791 adnbp[69970:34624086] Multi-tasking -> Device: YES, App: YES
2015-06-06 12:51:47.792 adnbp[69970:34624086] Unlimited access to network resources
2015-06-06 12:51:47.849 adnbp[69970:34624086] [CDVTimer][keyboard] 0.045955ms
2015-06-06 12:51:47.865 adnbp[69970:34624086] [CDVTimer][splashscreen] 15.962005ms
2015-06-06 12:51:47.865 adnbp[69970:34624086] [CDVTimer][TotalPluginStartup] 16.267002ms
2015-06-06 12:51:47.909 adnbp[69970:34624086] Resetting plugins due to page load.
2015-06-06 12:51:48.619 adnbp[69970:34624086] Finished load of: file:///Users/adrianmm/Library/Developer/CoreSimulator/Devices/DE12D5B5-89F0-4589-B88B-B92FFCFF3900/data/Containers/Bundle/Application/D453BAB0-C2C4-4F81-940A-A8B77A3FEE3D/adnbp.app/www/index.html#/home/login
2015-06-06 12:52:14.911 adnbp[70222:34626501] Apache Cordova native platform version 3.8.0 is starting.
2015-06-06 12:52:14.912 adnbp[70222:34626501] Multi-tasking -> Device: YES, App: YES
2015-06-06 12:52:14.913 adnbp[70222:34626501] Unlimited access to network resources
2015-06-06 12:52:14.971 adnbp[70222:34626501] [CDVTimer][keyboard] 0.056982ms
2015-06-06 12:52:14.994 adnbp[70222:34626501] [CDVTimer][splashscreen] 22.946000ms
2015-06-06 12:52:14.994 adnbp[70222:34626501] [CDVTimer][TotalPluginStartup] 23.289025ms
2015-06-06 12:52:15.047 adnbp[70222:34626501] Resetting plugins due to page load.
2015-06-06 12:52:18.413 adnbp[70222:34626501] Finished load of: file:///Users/adrianmm/Library/Developer/CoreSimulator/Devices/DE12D5B5-89F0-4589-B88B-B92FFCFF3900/data/Containers/Bundle/Application/1A68F437-C6A6-4D41-A764-3764828EB419/adnbp.app/www/index.html#/home/login
2015-06-06 12:52:21.150 adnbp[70222:34626501] Setting the WebView's frame to {{0, 0}, {375, 646}}
2015-06-06 12:52:21.165 adnbp[70222:34626501] THREAD WARNING: ['InAppBrowser'] took '103.445068' ms. Plugin should use a background thread.
2015-06-06 13:06:22.105 adnbp[71074:34671920] Apache Cordova native platform version 3.8.0 is starting.
2015-06-06 13:06:22.106 adnbp[71074:34671920] Multi-tasking -> Device: YES, App: YES
2015-06-06 13:06:22.118 adnbp[71074:34671920] Unlimited access to network resources
2015-06-06 13:06:22.336 adnbp[71074:34671920] [CDVTimer][keyboard] 0.050008ms
2015-06-06 13:06:22.447 adnbp[71074:34671920] [CDVTimer][splashscreen] 110.603988ms
2015-06-06 13:06:22.447 adnbp[71074:34671920] [CDVTimer][TotalPluginStartup] 111.142993ms
2015-06-06 13:06:22.575 adnbp[71074:34671920] Resetting plugins due to page load.
2015-06-06 13:06:26.445 adnbp[71074:34671920] Finished load of: file:///Users/adrianmm/Library/Developer/CoreSimulator/Devices/DE12D5B5-89F0-4589-B88B-B92FFCFF3900/data/Containers/Bundle/Application/B5FE2D20-21EA-4E1D-B0D0-C6097A5688A1/adnbp.app/www/index.html#/home/login
2015-06-06 13:06:28.102 adnbp[71074:34671920] Setting the WebView's frame to {{0, 0}, {375, 646}}
2015-06-06 13:06:28.118 adnbp[71074:34671920] THREAD WARNING: ['InAppBrowser'] took '95.069824' ms. Plugin should use a background thread.
2015-06-06 13:06:30.755 adnbp[71074:34671920] CDVWebViewDelegate: Navigation started when state=1
2015-06-06 13:06:30.755 adnbp[71074:34671920] webView:didFailLoadWithError - 1: CDVWebViewDelegate: Navigation started when state=1
2015-06-06 13:08:25.032 adnbp[71415:34685677] Apache Cordova native platform version 3.8.0 is starting.
2015-06-06 13:08:25.032 adnbp[71415:34685677] Multi-tasking -> Device: YES, App: YES
2015-06-06 13:08:25.034 adnbp[71415:34685677] Unlimited access to network resources
2015-06-06 13:08:25.093 adnbp[71415:34685677] [CDVTimer][keyboard] 0.048995ms
2015-06-06 13:08:25.113 adnbp[71415:34685677] [CDVTimer][splashscreen] 20.123005ms
2015-06-06 13:08:25.113 adnbp[71415:34685677] [CDVTimer][TotalPluginStartup] 20.444989ms
2015-06-06 13:08:25.170 adnbp[71415:34685677] Resetting plugins due to page load.
2015-06-06 13:08:29.312 adnbp[71415:34685677] Finished load of: file:///Users/adrianmm/Library/Developer/CoreSimulator/Devices/DE12D5B5-89F0-4589-B88B-B92FFCFF3900/data/Containers/Bundle/Application/549075DC-2E75-4EFA-9BF6-10ABEB3A92E1/adnbp.app/www/index.html#/home/login
2015-06-06 13:08:31.136 adnbp[71415:34685677] Setting the WebView's frame to {{0, 0}, {375, 646}}
2015-06-06 13:08:31.140 adnbp[71415:34685677] THREAD WARNING: ['InAppBrowser'] took '53.684082' ms. Plugin should use a background thread.
2015-06-06 13:08:55.403 adnbp[71961:34688472] Apache Cordova native platform version 3.8.0 is starting.
2015-06-06 13:08:55.404 adnbp[71961:34688472] Multi-tasking -> Device: YES, App: YES
2015-06-06 13:08:55.405 adnbp[71961:34688472] Unlimited access to network resources
2015-06-06 13:08:55.465 adnbp[71961:34688472] [CDVTimer][keyboard] 0.043988ms
2015-06-06 13:08:55.483 adnbp[71961:34688472] [CDVTimer][splashscreen] 18.408000ms
2015-06-06 13:08:55.483 adnbp[71961:34688472] [CDVTimer][TotalPluginStartup] 18.693030ms
2015-06-06 13:08:55.544 adnbp[71961:34688472] Resetting plugins due to page load.
2015-06-06 13:09:00.801 adnbp[71961:34688472] Finished load of: file:///Users/adrianmm/Library/Developer/CoreSimulator/Devices/DE12D5B5-89F0-4589-B88B-B92FFCFF3900/data/Containers/Bundle/Application/828AA97C-B4E9-4F41-90B5-F7C4A1DE474B/adnbp.app/www/index.html#/home/login
2015-06-06 13:09:02.218 adnbp[71961:34688472] Setting the WebView's frame to {{0, 0}, {375, 646}}
2015-06-06 13:09:02.223 adnbp[71961:34688472] THREAD WARNING: ['InAppBrowser'] took '57.073242' ms. Plugin should use a background thread.
2015-06-06 13:28:16.351 adnbp[72397:34742312] Apache Cordova native platform version 3.8.0 is starting.
2015-06-06 13:28:16.352 adnbp[72397:34742312] Multi-tasking -> Device: YES, App: YES
2015-06-06 13:28:16.354 adnbp[72397:34742312] Unlimited access to network resources
2015-06-06 13:28:16.417 adnbp[72397:34742312] [CDVTimer][keyboard] 0.046968ms
2015-06-06 13:28:16.441 adnbp[72397:34742312] [CDVTimer][splashscreen] 23.286998ms
2015-06-06 13:28:16.441 adnbp[72397:34742312] [CDVTimer][TotalPluginStartup] 23.585021ms
2015-06-06 13:28:16.506 adnbp[72397:34742312] Resetting plugins due to page load.
2015-06-06 13:28:25.897 adnbp[72397:34742312] Finished load of: file:///Users/adrianmm/Library/Developer/CoreSimulator/Devices/DE12D5B5-89F0-4589-B88B-B92FFCFF3900/data/Containers/Bundle/Application/ABCAC3B8-4CC4-4911-B928-75CBCD2DBFD2/adnbp.app/www/index.html#/home/login
2015-06-06 13:28:27.707 adnbp[72397:34742312] THREAD WARNING: ['InAppBrowser'] took '51.096191' ms. Plugin should use a background thread.
2015-06-06 13:28:38.210 adnbp[72397:34742312] Setting the WebView's frame to {{0, 0}, {375, 646}}
2015-06-06 13:28:38.212 adnbp[72397:34742312] THREAD WARNING: ['InAppBrowser'] took '39.570068' ms. Plugin should use a background thread.
2015-06-06 18:14:50.437 adnbp[72918:34832438] Apache Cordova native platform version 3.8.0 is starting.
2015-06-06 18:14:50.441 adnbp[72918:34832438] Multi-tasking -> Device: YES, App: YES
2015-06-06 18:14:50.455 adnbp[72918:34832438] Unlimited access to network resources
2015-06-06 18:14:50.746 adnbp[72918:34832438] [CDVTimer][keyboard] 0.060976ms
2015-06-06 18:14:50.905 adnbp[72918:34832438] [CDVTimer][splashscreen] 158.661008ms
2015-06-06 18:14:50.905 adnbp[72918:34832438] [CDVTimer][TotalPluginStartup] 159.327984ms
2015-06-06 18:14:51.046 adnbp[72918:34832438] Resetting plugins due to page load.
2015-06-06 18:14:59.347 adnbp[72918:34832438] Finished load of: file:///Users/adrianmm/Library/Developer/CoreSimulator/Devices/DE12D5B5-89F0-4589-B88B-B92FFCFF3900/data/Containers/Bundle/Application/14494B68-3424-45BB-A262-C235083C04F4/adnbp.app/www/index.html#/home/login
2015-06-06 18:15:00.964 adnbp[72918:34832438] THREAD WARNING: ['InAppBrowser'] took '95.579834' ms. Plugin should use a background thread.
2015-06-06 18:52:34.734 adnbp[73780:34984268] Apache Cordova native platform version 3.8.0 is starting.
2015-06-06 18:52:34.739 adnbp[73780:34984268] Multi-tasking -> Device: YES, App: YES
2015-06-06 18:52:34.754 adnbp[73780:34984268] Unlimited access to network resources
2015-06-06 18:52:35.023 adnbp[73780:34984268] [CDVTimer][keyboard] 0.050008ms
2015-06-06 18:52:35.146 adnbp[73780:34984268] [CDVTimer][splashscreen] 123.400986ms
2015-06-06 18:52:35.146 adnbp[73780:34984268] [CDVTimer][TotalPluginStartup] 124.547005ms
2015-06-06 18:52:35.267 adnbp[73780:34984268] Resetting plugins due to page load.
2015-06-06 18:52:38.733 adnbp[73780:34984268] Finished load of: file:///Users/adrianmm/Library/Developer/CoreSimulator/Devices/DE12D5B5-89F0-4589-B88B-B92FFCFF3900/data/Containers/Bundle/Application/26336A8B-153E-4AF2-AA9A-582AE429B827/adnbp.app/www/index.html#/home/login
2015-06-06 18:52:48.076 adnbp[73780:34984268] Setting the WebView's frame to {{0, 0}, {375, 646}}
2015-06-06 18:52:48.093 adnbp[73780:34984268] THREAD WARNING: ['InAppBrowser'] took '97.312012' ms. Plugin should use a background thread.
2015-06-06 18:53:12.612 adnbp[73780:34987790] Terminating since there is no system app.
2015-06-06 19:28:08.238 adnbp[74181:35081214] Apache Cordova native platform version 3.8.0 is starting.
2015-06-06 19:28:08.242 adnbp[74181:35081214] Multi-tasking -> Device: YES, App: YES
2015-06-06 19:28:08.257 adnbp[74181:35081214] Unlimited access to network resources
2015-06-06 19:28:08.534 adnbp[74181:35081214] [CDVTimer][keyboard] 0.047982ms
2015-06-06 19:28:08.681 adnbp[74181:35081214] [CDVTimer][splashscreen] 147.122979ms
2015-06-06 19:28:08.681 adnbp[74181:35081214] [CDVTimer][TotalPluginStartup] 147.796035ms
2015-06-06 19:28:08.840 adnbp[74181:35081214] Resetting plugins due to page load.
2015-06-06 19:28:12.370 adnbp[74181:35081214] Finished load of: file:///Users/adrianmm/Library/Developer/CoreSimulator/Devices/DE12D5B5-89F0-4589-B88B-B92FFCFF3900/data/Containers/Bundle/Application/FC408545-2267-47B3-862A-259EAA04DD75/adnbp.app/www/index.html#/home/login
2015-06-06 19:29:46.205 adnbp[74502:35090555] Apache Cordova native platform version 3.8.0 is starting.
2015-06-06 19:29:46.206 adnbp[74502:35090555] Multi-tasking -> Device: YES, App: YES
2015-06-06 19:29:46.207 adnbp[74502:35090555] Unlimited access to network resources
2015-06-06 19:29:46.272 adnbp[74502:35090555] [CDVTimer][keyboard] 0.050008ms
2015-06-06 19:29:46.313 adnbp[74502:35090555] [CDVTimer][splashscreen] 41.716993ms
2015-06-06 19:29:46.314 adnbp[74502:35090555] [CDVTimer][TotalPluginStartup] 42.028964ms
2015-06-06 19:29:46.365 adnbp[74502:35090555] Resetting plugins due to page load.
2015-06-06 19:29:49.769 adnbp[74502:35090555] Finished load of: file:///Users/adrianmm/Library/Developer/CoreSimulator/Devices/DE12D5B5-89F0-4589-B88B-B92FFCFF3900/data/Containers/Bundle/Application/56E7B2A8-671D-4EDD-BFA2-A266A5D3A1CD/adnbp.app/www/index.html#/home/login
2015-06-06 19:29:51.098 adnbp[74502:35090555] Setting the WebView's frame to {{0, 0}, {375, 646}}
2015-06-06 19:29:51.116 adnbp[74502:35090555] THREAD WARNING: ['InAppBrowser'] took '103.659912' ms. Plugin should use a background thread.
